<?xml version="1.0" encoding="UTF-8"?>
<Records>
  <record>test-m'm'y</record>
  <record>test-æŠ¤7</record>
  <record>test-uwyr</record>
</Records>

