<?xml version="1.0" encoding="UTF-8"?>
<Record>
  <pageType>test</pageType>
  <score>0</score>
  <answers>
    <answer type="0">1</answer>
  </answers>
</Record>

